In file included from ../ext/bson.h:17:0,
                 from ../ext/bson.cc:35:
../ext/nan.h: In function ‘v8::Handle<v8::Value> NanError(const char*)’:
../ext/nan.h:319:38: error: ‘New’ is not a member of ‘v8::String’
 # define _NAN_ERROR(fun, errmsg) fun(v8::String::New(errmsg))
                                      ^
../ext/nan.h:339:13: note: in expansion of macro ‘_NAN_ERROR’
     return  _NAN_ERROR(v8::Exception::Error, errmsg);
             ^
../ext/nan.h: In function ‘void NanThrowError(const char*)’:
../ext/nan.h:324:7: error: ‘ThrowException’ is not a member of ‘v8’
       v8::ThrowException(_NAN_ERROR(fun, errmsg));                             \
       ^
../ext/nan.h:343:5: note: in expansion of macro ‘_NAN_THROW_ERROR’
     _NAN_THROW_ERROR(v8::Exception::Error, errmsg);
     ^
../ext/nan.h:319:38: error: ‘New’ is not a member of ‘v8::String’
 # define _NAN_ERROR(fun, errmsg) fun(v8::String::New(errmsg))
                                      ^
../ext/nan.h:324:26: note: in expansion of macro ‘_NAN_ERROR’
       v8::ThrowException(_NAN_ERROR(fun, errmsg));                             \
                          ^
../ext/nan.h:343:5: note: in expansion of macro ‘_NAN_THROW_ERROR’
     _NAN_THROW_ERROR(v8::Exception::Error, errmsg);
     ^
../ext/nan.h: In function ‘void NanThrowError(v8::Handle<v8::Value>)’:
../ext/nan.h:348:5: error: ‘ThrowException’ is not a member of ‘v8’
     v8::ThrowException(error);
     ^
../ext/nan.h: In function ‘v8::Handle<v8::Value> NanError(const char*, int)’:
../ext/nan.h:355:53: error: ‘New’ is not a member of ‘v8::String’
     v8::Local<v8::Value> err = v8::Exception::Error(v8::String::New(msg));
                                                     ^
../ext/nan.h:357:14: error: ‘New’ is not a member of ‘v8::String’
     obj->Set(v8::String::New("code"), v8::Int32::New(errorNumber));
              ^
../ext/nan.h:357:65: error: no matching function for call to ‘v8::Int32::New(const int&)’
     obj->Set(v8::String::New("code"), v8::Int32::New(errorNumber));
                                                                 ^
In file included from ../ext/bson.cc:14:0:
/usr/include/nodejs/deps/v8/include/v8.h:2499:25: note: candidate: static v8::Local<v8::Integer> v8::Integer::New(v8::Isolate*, int32_t)
   static Local<Integer> New(Isolate* isolate, int32_t value);
                         ^
/usr/include/nodejs/deps/v8/include/v8.h:2499:25: note:   candidate expects 2 arguments, 1 provided
In file included from ../ext/bson.h:17:0,
                 from ../ext/bson.cc:35:
../ext/nan.h: In function ‘v8::Handle<v8::Value> NanTypeError(const char*)’:
../ext/nan.h:319:38: error: ‘New’ is not a member of ‘v8::String’
 # define _NAN_ERROR(fun, errmsg) fun(v8::String::New(errmsg))
                                      ^
../ext/nan.h:369:12: note: in expansion of macro ‘_NAN_ERROR’
     return _NAN_ERROR(v8::Exception::TypeError, errmsg);
            ^
../ext/nan.h: In function ‘void NanThrowTypeError(const char*)’:
../ext/nan.h:324:7: error: ‘ThrowException’ is not a member of ‘v8’
       v8::ThrowException(_NAN_ERROR(fun, errmsg));                             \
       ^
../ext/nan.h:373:5: note: in expansion of macro ‘_NAN_THROW_ERROR’
     _NAN_THROW_ERROR(v8::Exception::TypeError, errmsg);
     ^
../ext/nan.h:319:38: error: ‘New’ is not a member of ‘v8::String’
 # define _NAN_ERROR(fun, errmsg) fun(v8::String::New(errmsg))
                                      ^
../ext/nan.h:324:26: note: in expansion of macro ‘_NAN_ERROR’
       v8::ThrowException(_NAN_ERROR(fun, errmsg));                             \
                          ^
../ext/nan.h:373:5: note: in expansion of macro ‘_NAN_THROW_ERROR’
     _NAN_THROW_ERROR(v8::Exception::TypeError, errmsg);
     ^
../ext/nan.h: In function ‘v8::Handle<v8::Value> NanRangeError(const char*)’:
../ext/nan.h:319:38: error: ‘New’ is not a member of ‘v8::String’
 # define _NAN_ERROR(fun, errmsg) fun(v8::String::New(errmsg))
                                      ^
../ext/nan.h:377:12: note: in expansion of macro ‘_NAN_ERROR’
     return _NAN_ERROR(v8::Exception::RangeError, errmsg);
            ^
../ext/nan.h: In function ‘void NanThrowRangeError(const char*)’:
../ext/nan.h:324:7: error: ‘ThrowException’ is not a member of ‘v8’
       v8::ThrowException(_NAN_ERROR(fun, errmsg));                             \
       ^
../ext/nan.h:381:5: note: in expansion of macro ‘_NAN_THROW_ERROR’
     _NAN_THROW_ERROR(v8::Exception::RangeError, errmsg);
     ^
../ext/nan.h:319:38: error: ‘New’ is not a member of ‘v8::String’
 # define _NAN_ERROR(fun, errmsg) fun(v8::String::New(errmsg))
                                      ^
../ext/nan.h:324:26: note: in expansion of macro ‘_NAN_ERROR’
       v8::ThrowException(_NAN_ERROR(fun, errmsg));                             \
                          ^
../ext/nan.h:381:5: note: in expansion of macro ‘_NAN_THROW_ERROR’
     _NAN_THROW_ERROR(v8::Exception::RangeError, errmsg);
     ^
../ext/nan.h: At global scope:
../ext/nan.h:406:13: error: ‘node::smalloc’ has not been declared
     , node::smalloc::FreeCallback callback
             ^
../ext/nan.h:141:71: note: in definition of macro ‘NAN_INLINE’
 # define NAN_INLINE(declarator) inline __attribute__((always_inline)) declarator
                                                                       ^
../ext/nan.h:406:35: error: expected ‘,’ or ‘...’ before ‘callback’
     , node::smalloc::FreeCallback callback
                                   ^
../ext/nan.h:141:71: note: in definition of macro ‘NAN_INLINE’
 # define NAN_INLINE(declarator) inline __attribute__((always_inline)) declarator
                                                                       ^
../ext/nan.h: In function ‘v8::Local<v8::Object> NanNewBufferHandle(char*, size_t, int)’:
../ext/nan.h:409:44: error: ‘callback’ was not declared in this scope
     return node::Buffer::New(data, length, callback, hint);
                                            ^
../ext/nan.h:409:54: error: ‘hint’ was not declared in this scope
     return node::Buffer::New(data, length, callback, hint);
                                                      ^
../ext/nan.h: In function ‘v8::Local<v8::Object> NanNewBufferHandle(char*, uint32_t)’:
../ext/nan.h:416:40: error: no matching function for call to ‘New(char*&, uint32_t&)’
     return node::Buffer::New(data, size);
                                        ^
In file included from ../ext/bson.cc:24:0:
/usr/include/nodejs/src/node_buffer.h:28:40: note: candidate: v8::MaybeLocal<v8::Object> node::Buffer::New(v8::Isolate*, size_t)
 NODE_EXTERN v8::MaybeLocal<v8::Object> New(v8::Isolate* isolate, size_t length);
                                        ^
/usr/include/nodejs/src/node_buffer.h:28:40: note:   no known conversion for argument 1 from ‘char*’ to ‘v8::Isolate*’
/usr/include/nodejs/src/node_buffer.h:31:40: note: candidate: v8::MaybeLocal<v8::Object> node::Buffer::New(v8::Isolate*, v8::Local<v8::String>, node::encoding)
 NODE_EXTERN v8::MaybeLocal<v8::Object> New(v8::Isolate* isolate,
                                        ^
/usr/include/nodejs/src/node_buffer.h:31:40: note:   no known conversion for argument 1 from ‘char*’ to ‘v8::Isolate*’
/usr/include/nodejs/src/node_buffer.h:36:40: note: candidate: v8::MaybeLocal<v8::Object> node::Buffer::New(v8::Isolate*, char*, size_t, node::Buffer::FreeCallback, void*)
 NODE_EXTERN v8::MaybeLocal<v8::Object> New(v8::Isolate* isolate,
                                        ^
/usr/include/nodejs/src/node_buffer.h:36:40: note:   candidate expects 5 arguments, 2 provided
/usr/include/nodejs/src/node_buffer.h:43:40: note: candidate: v8::MaybeLocal<v8::Object> node::Buffer::New(v8::Isolate*, char*, size_t)
 NODE_EXTERN v8::MaybeLocal<v8::Object> New(v8::Isolate* isolate,
                                        ^
/usr/include/nodejs/src/node_buffer.h:43:40: note:   candidate expects 3 arguments, 2 provided
In file included from ../ext/bson.h:17:0,
                 from ../ext/bson.cc:35:
../ext/nan.h: In function ‘v8::Local<v8::Object> NanNewBufferHandle(uint32_t)’:
../ext/nan.h:420:34: error: no matching function for call to ‘New(uint32_t&)’
     return node::Buffer::New(size);
                                  ^
In file included from ../ext/bson.cc:24:0:
/usr/include/nodejs/src/node_buffer.h:28:40: note: candidate: v8::MaybeLocal<v8::Object> node::Buffer::New(v8::Isolate*, size_t)
 NODE_EXTERN v8::MaybeLocal<v8::Object> New(v8::Isolate* isolate, size_t length);
                                        ^
/usr/include/nodejs/src/node_buffer.h:28:40: note:   candidate expects 2 arguments, 1 provided
/usr/include/nodejs/src/node_buffer.h:31:40: note: candidate: v8::MaybeLocal<v8::Object> node::Buffer::New(v8::Isolate*, v8::Local<v8::String>, node::encoding)
 NODE_EXTERN v8::MaybeLocal<v8::Object> New(v8::Isolate* isolate,
                                        ^
/usr/include/nodejs/src/node_buffer.h:31:40: note:   candidate expects 3 arguments, 1 provided
/usr/include/nodejs/src/node_buffer.h:36:40: note: candidate: v8::MaybeLocal<v8::Object> node::Buffer::New(v8::Isolate*, char*, size_t, node::Buffer::FreeCallback, void*)
 NODE_EXTERN v8::MaybeLocal<v8::Object> New(v8::Isolate* isolate,
                                        ^
/usr/include/nodejs/src/node_buffer.h:36:40: note:   candidate expects 5 arguments, 1 provided
/usr/include/nodejs/src/node_buffer.h:43:40: note: candidate: v8::MaybeLocal<v8::Object> node::Buffer::New(v8::Isolate*, char*, size_t)
 NODE_EXTERN v8::MaybeLocal<v8::Object> New(v8::Isolate* isolate,
                                        ^
/usr/include/nodejs/src/node_buffer.h:43:40: note:   candidate expects 3 arguments, 1 provided
In file included from ../ext/bson.h:17:0,
                 from ../ext/bson.cc:35:
../ext/nan.h: In function ‘v8::Local<v8::Object> NanBufferUse(char*, uint32_t)’:
../ext/nan.h:427:12: error: ‘Use’ is not a member of ‘node::Buffer’
     return node::Buffer::Use(data, size);
            ^
../ext/nan.h: In constructor ‘NanCallback::NanCallback()’:
../ext/nan.h:727:49: error: no matching function for call to ‘v8::Object::New()’
     v8::Local<v8::Object> obj = v8::Object::New();
                                                 ^
In file included from ../ext/bson.cc:14:0:
/usr/include/nodejs/deps/v8/include/v8.h:2933:24: note: candidate: static v8::Local<v8::Object> v8::Object::New(v8::Isolate*)
   static Local<Object> New(Isolate* isolate);
                        ^
/usr/include/nodejs/deps/v8/include/v8.h:2933:24: note:   candidate expects 1 argument, 0 provided
In file included from ../ext/bson.h:17:0,
                 from ../ext/bson.cc:35:
../ext/nan.h: In constructor ‘NanCallback::NanCallback(v8::Handle<v8::Function>&)’:
../ext/nan.h:733:49: error: no matching function for call to ‘v8::Object::New()’
     v8::Local<v8::Object> obj = v8::Object::New();
                                                 ^
In file included from ../ext/bson.cc:14:0:
/usr/include/nodejs/deps/v8/include/v8.h:2933:24: note: candidate: static v8::Local<v8::Object> v8::Object::New(v8::Isolate*)
   static Local<Object> New(Isolate* isolate);
                        ^
/usr/include/nodejs/deps/v8/include/v8.h:2933:24: note:   candidate expects 1 argument, 0 provided
In file included from ../ext/bson.h:17:0,
                 from ../ext/bson.cc:35:
../ext/nan.h: In destructor ‘NanCallback::~NanCallback()’:
../ext/nan.h:740:12: error: ‘class v8::Persistent<v8::Object>’ has no member named ‘Dispose’
     handle.Dispose();
            ^
../ext/nan.h:741:12: error: ‘class v8::Persistent<v8::Object>’ has no member named ‘Clear’
     handle.Clear();
            ^
../ext/nan.h: In member function ‘void NanCallback::SetFunction(v8::Handle<v8::Function>&)’:
../ext/nan.h:181:26: error: ‘NewSymbol’ is not a member of ‘v8::String’
 #define NanSymbol(value) v8::String::NewSymbol(value)
                          ^
../ext/nan.h:746:39: note: in expansion of macro ‘NanSymbol’
     NanPersistentToLocal(handle)->Set(NanSymbol("callback"), fn);
                                       ^
../ext/nan.h: In member function ‘v8::Local<v8::Function> NanCallback::GetFunction()’:
../ext/nan.h:181:26: error: ‘NewSymbol’ is not a member of ‘v8::String’
 #define NanSymbol(value) v8::String::NewSymbol(value)
                          ^
../ext/nan.h:750:46: note: in expansion of macro ‘NanSymbol’
     return NanPersistentToLocal(handle)->Get(NanSymbol("callback"))
                                              ^
../ext/nan.h:751:25: error: expected primary-expression before ‘>’ token
         .As<v8::Function>();
                         ^
../ext/nan.h:751:27: error: expected primary-expression before ‘)’ token
         .As<v8::Function>();
                           ^
../ext/nan.h: In member function ‘void NanCallback::Call(int, v8::Handle<v8::Value>*)’:
../ext/nan.h:181:26: error: ‘NewSymbol’ is not a member of ‘v8::String’
 #define NanSymbol(value) v8::String::NewSymbol(value)
                          ^
../ext/nan.h:759:13: note: in expansion of macro ‘NanSymbol’
         Get(NanSymbol("callback")).As<v8::Function>();
             ^
../ext/nan.h:759:51: error: expected primary-expression before ‘>’ token
         Get(NanSymbol("callback")).As<v8::Function>();
                                                   ^
../ext/nan.h:759:53: error: expected primary-expression before ‘)’ token
         Get(NanSymbol("callback")).As<v8::Function>();
                                                     ^
../ext/nan.h:761:9: error: ‘GetCurrent’ is not a member of ‘v8::Context’
         v8::Context::GetCurrent()->Global()
         ^
../ext/nan.h: In member function ‘void NanAsyncWorker::SavePersistent(const char*, v8::Local<v8::Object>&)’:
../ext/nan.h:181:26: error: ‘NewSymbol’ is not a member of ‘v8::String’
 #define NanSymbol(value) v8::String::NewSymbol(value)
                          ^
../ext/nan.h:808:17: note: in expansion of macro ‘NanSymbol’
     handle->Set(NanSymbol(key), obj);
                 ^
../ext/nan.h: In member function ‘v8::Local<v8::Object> NanAsyncWorker::GetFromPersistent(const char*)’:
../ext/nan.h:181:26: error: ‘NewSymbol’ is not a member of ‘v8::String’
 #define NanSymbol(value) v8::String::NewSymbol(value)
                          ^
../ext/nan.h:815:24: note: in expansion of macro ‘NanSymbol’
     return handle->Get(NanSymbol(key)).As<v8::Object>();
                        ^
../ext/nan.h:815:53: error: expected primary-expression before ‘>’ token
     return handle->Get(NanSymbol(key)).As<v8::Object>();
                                                     ^
../ext/nan.h:815:55: error: expected primary-expression before ‘)’ token
     return handle->Get(NanSymbol(key)).As<v8::Object>();
                                                       ^
../ext/nan.h: In member function ‘virtual void NanAsyncWorker::HandleErrorCallback()’:
../ext/nan.h:837:30: error: ‘New’ is not a member of ‘v8::String’
         v8::Exception::Error(v8::String::New(errmsg))
                              ^
../ext/nan.h: In function ‘bool _NanGetExternalParts(v8::Handle<v8::Value>, const char**, size_t*)’:
../ext/nan.h:1005:12: error: ‘class v8::String’ has no member named ‘IsExternalAscii’
   if (str->IsExternalAscii()) {
            ^
../ext/nan.h:1006:23: error: ‘ExternalAsciiStringResource’ in ‘class v8::String’ does not name a type
     const v8::String::ExternalAsciiStringResource* ext;
                       ^
../ext/nan.h:1007:5: error: ‘ext’ was not declared in this scope
     ext = str->GetExternalAsciiStringResource();
     ^
../ext/nan.h:1007:16: error: ‘class v8::String’ has no member named ‘GetExternalAsciiStringResource’
     ext = str->GetExternalAsciiStringResource();
                ^
../ext/bson.cc: In member function ‘v8::Handle<v8::Value> BSONDeserializer::ReadCString()’:
../ext/bson.cc:362:15: error: too few arguments to function ‘v8::Local<v8::Primitive> v8::Null(v8::Isolate*)’
   return Null();
               ^
In file included from ../ext/bson.cc:14:0:
/usr/include/nodejs/deps/v8/include/v8.h:316:27: note: declared here
   friend Local<Primitive> Null(Isolate* isolate);
                           ^
../ext/bson.cc:364:9: error: ‘New’ is not a member of ‘v8::String’
  return String::New(start, (int32_t) (p-start-1) );
         ^
../ext/bson.cc: In member function ‘v8::Local<v8::String> BSONDeserializer::ReadString()’:
../ext/bson.cc:399:9: error: ‘New’ is not a member of ‘v8::String’
  return String::New(start, length-1);
         ^
../ext/bson.cc: In member function ‘v8::Local<v8::String> BSONDeserializer::ReadObjectId()’:
../ext/bson.cc:409:9: error: ‘New’ is not a member of ‘v8::String’
  return String::New(objectId, 12);
         ^
../ext/bson.cc: In member function ‘v8::Handle<v8::Value> BSONDeserializer::DeserializeDocumentInternal(bool)’:
../ext/bson.cc:423:43: error: no matching function for call to ‘v8::Object::New()’
  Local<Object> returnObject = Object::New();
                                           ^
In file included from ../ext/bson.cc:14:0:
/usr/include/nodejs/deps/v8/include/v8.h:2933:24: note: candidate: static v8::Local<v8::Object> v8::Object::New(v8::Isolate*)
   static Local<Object> New(Isolate* isolate);
                        ^
/usr/include/nodejs/deps/v8/include/v8.h:2933:24: note:   candidate expects 1 argument, 0 provided
../ext/bson.cc: In member function ‘v8::Handle<v8::Value> BSONDeserializer::DeserializeArrayInternal(bool)’:
../ext/bson.cc:460:40: error: no matching function for call to ‘v8::Array::New()’
  Local<Array> returnArray = Array::New();
                                        ^
In file included from ../ext/bson.cc:14:0:
/usr/include/nodejs/deps/v8/include/v8.h:2965:23: note: candidate: static v8::Local<v8::Array> v8::Array::New(v8::Isolate*, int)
   static Local<Array> New(Isolate* isolate, int length = 0);
                       ^
/usr/include/nodejs/deps/v8/include/v8.h:2965:23: note:   candidate expects 2 arguments, 0 provided
../ext/bson.cc: In member function ‘v8::Handle<v8::Value> BSONDeserializer::DeserializeValue(BsonType, bool)’:
../ext/bson.cc:482:34: error: no matching function for call to ‘v8::Integer::New(int32_t)’
   return Integer::New(ReadInt32());
                                  ^
In file included from ../ext/bson.cc:14:0:
/usr/include/nodejs/deps/v8/include/v8.h:2499:25: note: candidate: static v8::Local<v8::Integer> v8::Integer::New(v8::Isolate*, int32_t)
   static Local<Integer> New(Isolate* isolate, int32_t value);
                         ^
/usr/include/nodejs/deps/v8/include/v8.h:2499:25: note:   candidate expects 2 arguments, 1 provided
../ext/bson.cc:485:34: error: no matching function for call to ‘v8::Number::New(double)’
   return Number::New(ReadDouble());
                                  ^
In file included from ../ext/bson.cc:14:0:
/usr/include/nodejs/deps/v8/include/v8.h:2486:24: note: candidate: static v8::Local<v8::Number> v8::Number::New(v8::Isolate*, double)
   static Local<Number> New(Isolate* isolate, double value);
                        ^
/usr/include/nodejs/deps/v8/include/v8.h:2486:24: note:   candidate expects 2 arguments, 1 provided
../ext/bson.cc:488:15: error: too few arguments to function ‘v8::Local<v8::Primitive> v8::Null(v8::Isolate*)’
   return Null();
               ^
In file included from ../ext/bson.cc:14:0:
/usr/include/nodejs/deps/v8/include/v8.h:316:27: note: declared here
   friend Local<Primitive> Null(Isolate* isolate);
                           ^
../ext/bson.cc:491:20: error: too few arguments to function ‘v8::Local<v8::Primitive> v8::Undefined(v8::Isolate*)’
   return Undefined();
                    ^
In file included from ../ext/bson.cc:14:0:
/usr/include/nodejs/deps/v8/include/v8.h:315:27: note: declared here
   friend Local<Primitive> Undefined(Isolate* isolate);
                           ^
../ext/bson.cc:497:46: error: no matching function for call to ‘v8::Int32::New(int32_t&)’
    Local<Value> argv[] = { Int32::New(lowBits), Int32::New(highBits) };
                                              ^
In file included from ../ext/bson.cc:14:0:
/usr/include/nodejs/deps/v8/include/v8.h:2499:25: note: candidate: static v8::Local<v8::Integer> v8::Integer::New(v8::Isolate*, int32_t)
   static Local<Integer> New(Isolate* isolate, int32_t value);
                         ^
/usr/include/nodejs/deps/v8/include/v8.h:2499:25: note:   candidate expects 2 arguments, 1 provided
../ext/bson.cc:497:68: error: no matching function for call to ‘v8::Int32::New(int32_t&)’
    Local<Value> argv[] = { Int32::New(lowBits), Int32::New(highBits) };
                                                                    ^
In file included from ../ext/bson.cc:14:0:
/usr/include/nodejs/deps/v8/include/v8.h:2499:25: note: candidate: static v8::Local<v8::Integer> v8::Integer::New(v8::Isolate*, int32_t)
   static Local<Integer> New(Isolate* isolate, int32_t value);
                         ^
/usr/include/nodejs/deps/v8/include/v8.h:2499:25: note:   candidate expects 2 arguments, 1 provided
../ext/bson.cc:502:35: error: too few arguments to function ‘v8::Local<v8::Boolean> v8::True(v8::Isolate*)’
   return (ReadByte() != 0) ? True() : False();
                                   ^
In file included from ../ext/bson.cc:14:0:
/usr/include/nodejs/deps/v8/include/v8.h:8139:16: note: declared here
 Local<Boolean> True(Isolate* isolate) {
                ^
../ext/bson.cc:502:45: error: too few arguments to function ‘v8::Local<v8::Boolean> v8::False(v8::Isolate*)’
   return (ReadByte() != 0) ? True() : False();
                                             ^
In file included from ../ext/bson.cc:14:0:
/usr/include/nodejs/deps/v8/include/v8.h:8148:16: note: declared here
 Local<Boolean> False(Isolate* isolate) {
                ^
../ext/bson.cc:515:44: error: no matching function for call to ‘v8::Object::New()’
    const Local<Value>& scope = Object::New();
                                            ^
In file included from ../ext/bson.cc:14:0:
/usr/include/nodejs/deps/v8/include/v8.h:2933:24: note: candidate: static v8::Local<v8::Object> v8::Object::New(v8::Isolate*)
   static Local<Object> New(Isolate* isolate);
                        ^
/usr/include/nodejs/deps/v8/include/v8.h:2933:24: note:   candidate expects 1 argument, 0 provided
../ext/bson.cc:546:56: error: no matching function for call to ‘v8::Uint32::New(uint32_t&)’
    Handle<Value> argv[] = { buffer, Uint32::New(subType) };
                                                        ^
In file included from ../ext/bson.cc:14:0:
/usr/include/nodejs/deps/v8/include/v8.h:2499:25: note: candidate: static v8::Local<v8::Integer> v8::Integer::New(v8::Isolate*, int32_t)
   static Local<Integer> New(Isolate* isolate, int32_t value);
                         ^
/usr/include/nodejs/deps/v8/include/v8.h:2499:25: note:   candidate expects 2 arguments, 1 provided
../ext/bson.cc:564:35: error: no matching function for call to ‘v8::Number::New(int64_t&)’
      return Number::New(finalValue);
                                   ^
In file included from ../ext/bson.cc:14:0:
/usr/include/nodejs/deps/v8/include/v8.h:2486:24: note: candidate: static v8::Local<v8::Number> v8::Number::New(v8::Isolate*, double)
   static Local<Number> New(Isolate* isolate, double value);
                        ^
/usr/include/nodejs/deps/v8/include/v8.h:2486:24: note:   candidate expects 2 arguments, 1 provided
../ext/bson.cc:569:46: error: no matching function for call to ‘v8::Int32::New(int32_t&)’
    Local<Value> argv[] = { Int32::New(lowBits), Int32::New(highBits) };
                                              ^
In file included from ../ext/bson.cc:14:0:
/usr/include/nodejs/deps/v8/include/v8.h:2499:25: note: candidate: static v8::Local<v8::Integer> v8::Integer::New(v8::Isolate*, int32_t)
   static Local<Integer> New(Isolate* isolate, int32_t value);
                         ^
/usr/include/nodejs/deps/v8/include/v8.h:2499:25: note:   candidate expects 2 arguments, 1 provided
../ext/bson.cc:569:68: error: no matching function for call to ‘v8::Int32::New(int32_t&)’
    Local<Value> argv[] = { Int32::New(lowBits), Int32::New(highBits) };
                                                                    ^
In file included from ../ext/bson.cc:14:0:
/usr/include/nodejs/deps/v8/include/v8.h:2499:25: note: candidate: static v8::Local<v8::Integer> v8::Integer::New(v8::Isolate*, int32_t)
   static Local<Integer> New(Isolate* isolate, int32_t value);
                         ^
/usr/include/nodejs/deps/v8/include/v8.h:2499:25: note:   candidate expects 2 arguments, 1 provided
../ext/bson.cc:574:40: error: no matching function for call to ‘v8::Date::New(double)’
   return Date::New((double) ReadInt64());
                                        ^
In file included from /usr/include/nodejs/deps/v8/include/v8.h:23:0,
                 from ../ext/bson.cc:14:
/usr/include/nodejs/deps/v8/include/v8.h:3849:41: note: candidate: static v8::Local<v8::Value> v8::Date::New(v8::Isolate*, double)
                            Local<Value> New(Isolate* isolate, double time));
                                         ^
/usr/include/nodejs/deps/v8/include/v8config.h:347:48: note: in definition of macro ‘V8_DEPRECATE_SOON’
 #define V8_DEPRECATE_SOON(message, declarator) declarator
                                                ^
/usr/include/nodejs/deps/v8/include/v8.h:3849:41: note:   candidate expects 2 arguments, 1 provided
                            Local<Value> New(Isolate* isolate, double time));
                                         ^
/usr/include/nodejs/deps/v8/include/v8config.h:347:48: note: in definition of macro ‘V8_DEPRECATE_SOON’
 #define V8_DEPRECATE_SOON(message, declarator) declarator
                                                ^
In file included from ../ext/bson.cc:14:0:
/usr/include/nodejs/deps/v8/include/v8.h:3850:50: note: candidate: static v8::MaybeLocal<v8::Value> v8::Date::New(v8::Local<v8::Context>, double)
   static V8_WARN_UNUSED_RESULT MaybeLocal<Value> New(Local<Context> context,
                                                  ^
/usr/include/nodejs/deps/v8/include/v8.h:3850:50: note:   candidate expects 2 arguments, 1 provided
../ext/bson.cc:599:18: error: too few arguments to function ‘v8::Local<v8::Primitive> v8::Null(v8::Isolate*)’
  return v8::Null();
                  ^
In file included from ../ext/bson.cc:14:0:
/usr/include/nodejs/deps/v8/include/v8.h:316:27: note: declared here
   friend Local<Primitive> Null(Isolate* isolate);
                           ^
In file included from ../ext/bson.h:17:0,
                 from ../ext/bson.cc:35:
../ext/bson.cc: In constructor ‘BSON::BSON()’:
../ext/bson.cc:607:54: error: ‘New’ is not a member of ‘v8::String’
         NanAssignPersistent(String, _bsontypeString, String::New("_bsontype"));
                                                      ^
../ext/nan.h:305:75: note: in definition of macro ‘NanAssignPersistent’
 # define NanAssignPersistent(type, handle, obj) handle.Reset(nan_isolate, obj)
                                                                           ^
../ext/bson.cc:608:53: error: ‘New’ is not a member of ‘v8::String’
         NanAssignPersistent(String, _longLowString, String::New("low_"));
                                                     ^
../ext/nan.h:305:75: note: in definition of macro ‘NanAssignPersistent’
 # define NanAssignPersistent(type, handle, obj) handle.Reset(nan_isolate, obj)
                                                                           ^
../ext/bson.cc:609:54: error: ‘New’ is not a member of ‘v8::String’
         NanAssignPersistent(String, _longHighString, String::New("high_"));
                                                      ^
../ext/nan.h:305:75: note: in definition of macro ‘NanAssignPersistent’
 # define NanAssignPersistent(type, handle, obj) handle.Reset(nan_isolate, obj)
                                                                           ^
../ext/bson.cc:610:56: error: ‘New’ is not a member of ‘v8::String’
         NanAssignPersistent(String, _objectIDidString, String::New("id"));
                                                        ^
../ext/nan.h:305:75: note: in definition of macro ‘NanAssignPersistent’
 # define NanAssignPersistent(type, handle, obj) handle.Reset(nan_isolate, obj)
                                                                           ^
../ext/bson.cc:611:60: error: ‘New’ is not a member of ‘v8::String’
         NanAssignPersistent(String, _binaryPositionString, String::New("position"));
                                                            ^
../ext/nan.h:305:75: note: in definition of macro ‘NanAssignPersistent’
 # define NanAssignPersistent(type, handle, obj) handle.Reset(nan_isolate, obj)
                                                                           ^
../ext/bson.cc:612:59: error: ‘New’ is not a member of ‘v8::String’
         NanAssignPersistent(String, _binarySubTypeString, String::New("sub_type"));
                                                           ^
../ext/nan.h:305:75: note: in definition of macro ‘NanAssignPersistent’
 # define NanAssignPersistent(type, handle, obj) handle.Reset(nan_isolate, obj)
                                                                           ^
../ext/bson.cc:613:58: error: ‘New’ is not a member of ‘v8::String’
         NanAssignPersistent(String, _binaryBufferString, String::New("buffer"));
                                                          ^
../ext/nan.h:305:75: note: in definition of macro ‘NanAssignPersistent’
 # define NanAssignPersistent(type, handle, obj) handle.Reset(nan_isolate, obj)
                                                                           ^
../ext/bson.cc:614:57: error: ‘New’ is not a member of ‘v8::String’
         NanAssignPersistent(String, _doubleValueString, String::New("value"));
                                                         ^
../ext/nan.h:305:75: note: in definition of macro ‘NanAssignPersistent’
 # define NanAssignPersistent(type, handle, obj) handle.Reset(nan_isolate, obj)
                                                                           ^
../ext/bson.cc:615:57: error: ‘New’ is not a member of ‘v8::String’
         NanAssignPersistent(String, _symbolValueString, String::New("value"));
                                                         ^
../ext/nan.h:305:75: note: in definition of macro ‘NanAssignPersistent’
 # define NanAssignPersistent(type, handle, obj) handle.Reset(nan_isolate, obj)
                                                                           ^
../ext/bson.cc:616:54: error: ‘New’ is not a member of ‘v8::String’
         NanAssignPersistent(String, _dbRefRefString, String::New("$ref"));
                                                      ^
../ext/nan.h:305:75: note: in definition of macro ‘NanAssignPersistent’
 # define NanAssignPersistent(type, handle, obj) handle.Reset(nan_isolate, obj)
                                                                           ^
../ext/bson.cc:617:56: error: ‘New’ is not a member of ‘v8::String’
         NanAssignPersistent(String, _dbRefIdRefString, String::New("$id"));
                                                        ^
../ext/nan.h:305:75: note: in definition of macro ‘NanAssignPersistent’
 # define NanAssignPersistent(type, handle, obj) handle.Reset(nan_isolate, obj)
                                                                           ^
../ext/bson.cc:618:56: error: ‘New’ is not a member of ‘v8::String’
         NanAssignPersistent(String, _dbRefDbRefString, String::New("$db"));
                                                        ^
../ext/nan.h:305:75: note: in definition of macro ‘NanAssignPersistent’
 # define NanAssignPersistent(type, handle, obj) handle.Reset(nan_isolate, obj)
                                                                           ^
../ext/bson.cc:619:60: error: ‘New’ is not a member of ‘v8::String’
         NanAssignPersistent(String, _dbRefNamespaceString, String::New("namespace"));
                                                            ^
../ext/nan.h:305:75: note: in definition of macro ‘NanAssignPersistent’
 # define NanAssignPersistent(type, handle, obj) handle.Reset(nan_isolate, obj)
                                                                           ^
../ext/bson.cc:620:53: error: ‘New’ is not a member of ‘v8::String’
         NanAssignPersistent(String, _dbRefDbString, String::New("db"));
                                                     ^
../ext/nan.h:305:75: note: in definition of macro ‘NanAssignPersistent’
 # define NanAssignPersistent(type, handle, obj) handle.Reset(nan_isolate, obj)
                                                                           ^
../ext/bson.cc:621:54: error: ‘New’ is not a member of ‘v8::String’
         NanAssignPersistent(String, _dbRefOidString, String::New("oid"));
                                                      ^
../ext/nan.h:305:75: note: in definition of macro ‘NanAssignPersistent’
 # define NanAssignPersistent(type, handle, obj) handle.Reset(nan_isolate, obj)
                                                                           ^
../ext/bson.cc:622:54: error: ‘New’ is not a member of ‘v8::String’
         NanAssignPersistent(String, _codeCodeString, String::New("code"));
                                                      ^
../ext/nan.h:305:75: note: in definition of macro ‘NanAssignPersistent’
 # define NanAssignPersistent(type, handle, obj) handle.Reset(nan_isolate, obj)
                                                                           ^
../ext/bson.cc:623:55: error: ‘New’ is not a member of ‘v8::String’
         NanAssignPersistent(String, _codeScopeString, String::New("scope"));
                                                       ^
../ext/nan.h:305:75: note: in definition of macro ‘NanAssignPersistent’
 # define NanAssignPersistent(type, handle, obj) handle.Reset(nan_isolate, obj)
                                                                           ^
../ext/bson.cc:624:52: error: ‘New’ is not a member of ‘v8::String’
         NanAssignPersistent(String, _toBSONString, String::New("toBSON"));
                                                    ^
../ext/nan.h:305:75: note: in definition of macro ‘NanAssignPersistent’
 # define NanAssignPersistent(type, handle, obj) handle.Reset(nan_isolate, obj)
                                                                           ^
../ext/bson.cc:626:49: error: ‘New’ is not a member of ‘v8::String’
         NanAssignPersistent(String, longString, String::New("Long"));
                                                 ^
../ext/nan.h:305:75: note: in definition of macro ‘NanAssignPersistent’
 # define NanAssignPersistent(type, handle, obj) handle.Reset(nan_isolate, obj)
                                                                           ^
../ext/bson.cc:627:53: error: ‘New’ is not a member of ‘v8::String’
         NanAssignPersistent(String, objectIDString, String::New("ObjectID"));
                                                     ^
../ext/nan.h:305:75: note: in definition of macro ‘NanAssignPersistent’
 # define NanAssignPersistent(type, handle, obj) handle.Reset(nan_isolate, obj)
                                                                           ^
../ext/bson.cc:628:51: error: ‘New’ is not a member of ‘v8::String’
         NanAssignPersistent(String, binaryString, String::New("Binary"));
                                                   ^
../ext/nan.h:305:75: note: in definition of macro ‘NanAssignPersistent’
 # define NanAssignPersistent(type, handle, obj) handle.Reset(nan_isolate, obj)
                                                                           ^
../ext/bson.cc:629:49: error: ‘New’ is not a member of ‘v8::String’
         NanAssignPersistent(String, codeString, String::New("Code"));
                                                 ^
../ext/nan.h:305:75: note: in definition of macro ‘NanAssignPersistent’
 # define NanAssignPersistent(type, handle, obj) handle.Reset(nan_isolate, obj)
                                                                           ^
../ext/bson.cc:630:50: error: ‘New’ is not a member of ‘v8::String’
         NanAssignPersistent(String, dbrefString, String::New("DBRef"));
                                                  ^
../ext/nan.h:305:75: note: in definition of macro ‘NanAssignPersistent’
 # define NanAssignPersistent(type, handle, obj) handle.Reset(nan_isolate, obj)
                                                                           ^
../ext/bson.cc:631:51: error: ‘New’ is not a member of ‘v8::String’
         NanAssignPersistent(String, symbolString, String::New("Symbol"));
                                                   ^
../ext/nan.h:305:75: note: in definition of macro ‘NanAssignPersistent’
 # define NanAssignPersistent(type, handle, obj) handle.Reset(nan_isolate, obj)
                                                                           ^
../ext/bson.cc:632:51: error: ‘New’ is not a member of ‘v8::String’
         NanAssignPersistent(String, doubleString, String::New("Double"));
                                                   ^
../ext/nan.h:305:75: note: in definition of macro ‘NanAssignPersistent’
 # define NanAssignPersistent(type, handle, obj) handle.Reset(nan_isolate, obj)
                                                                           ^
../ext/bson.cc:633:54: error: ‘New’ is not a member of ‘v8::String’
         NanAssignPersistent(String, timestampString, String::New("Timestamp"));
                                                      ^
../ext/nan.h:305:75: note: in definition of macro ‘NanAssignPersistent’
 # define NanAssignPersistent(type, handle, obj) handle.Reset(nan_isolate, obj)
                                                                           ^
../ext/bson.cc:634:51: error: ‘New’ is not a member of ‘v8::String’
         NanAssignPersistent(String, minKeyString, String::New("MinKey"));
                                                   ^
../ext/nan.h:305:75: note: in definition of macro ‘NanAssignPersistent’
 # define NanAssignPersistent(type, handle, obj) handle.Reset(nan_isolate, obj)
                                                                           ^
../ext/bson.cc:635:51: error: ‘New’ is not a member of ‘v8::String’
         NanAssignPersistent(String, maxKeyString, String::New("MaxKey"));
                                                   ^
../ext/nan.h:305:75: note: in definition of macro ‘NanAssignPersistent’
 # define NanAssignPersistent(type, handle, obj) handle.Reset(nan_isolate, obj)
                                                                           ^
../ext/bson.cc: In static member function ‘static void BSON::Initialize(v8::Handle<v8::Object>)’:
../ext/bson.cc:643:55: error: no matching function for call to ‘v8::FunctionTemplate::New(void (&)(const v8::FunctionCallbackInfo<v8::Value>&))’
  Local<FunctionTemplate> t = FunctionTemplate::New(New);
                                                       ^
In file included from ../ext/bson.cc:14:0:
/usr/include/nodejs/deps/v8/include/v8.h:4349:34: note: candidate: static v8::Local<v8::FunctionTemplate> v8::FunctionTemplate::New(v8::Isolate*, v8::FunctionCallback, v8::Local<v8::Value>, v8::Local<v8::Signature>, int)
   static Local<FunctionTemplate> New(
                                  ^
/usr/include/nodejs/deps/v8/include/v8.h:4349:34: note:   no known conversion for argument 1 from ‘void(const v8::FunctionCallbackInfo<v8::Value>&)’ to ‘v8::Isolate*’
../ext/bson.cc:645:18: error: ‘NewSymbol’ is not a member of ‘v8::String’
  t->SetClassName(String::NewSymbol("BSON"));
                  ^
../ext/bson.cc:656:19: error: ‘NewSymbol’ is not a member of ‘v8::String’
  target->ForceSet(String::NewSymbol("BSON"), t->GetFunction());
                   ^
../ext/bson.cc: In static member function ‘static void BSON::BSONDeserialize(const v8::FunctionCallbackInfo<v8::Value>&)’:
../ext/bson.cc:757:19: error: ‘New’ is not a member of ‘v8::String’
   if(options->Has(String::New("promoteLongs"))) {
                   ^
../ext/bson.cc:758:32: error: ‘New’ is not a member of ‘v8::String’
    promoteLongs = options->Get(String::New("promoteLongs"))->ToBoolean()->Value();
                                ^
../ext/bson.cc:791:26: error: ‘New’ is not a member of ‘v8::String’
    Local<String> error = String::New(exception);
                          ^
../ext/bson.cc:800:44: warning: ‘ssize_t node::DecodeBytes(v8::Local<v8::Value>, node::encoding)’ is deprecated: Use DecodeBytes(isolate, ...) [-Wdeprecated-declarations]
   ssize_t len = DecodeBytes(args[0], BINARY);
                                            ^
In file included from ../ext/bson.cc:22:0:
/usr/include/nodejs/src/node.h:318:32: note: declared here
                 inline ssize_t DecodeBytes(
                                ^
/usr/include/nodejs/src/node.h:66:42: note: in definition of macro ‘NODE_DEPRECATED’
     __attribute__((deprecated(message))) declarator
                                          ^
../ext/bson.cc:807:41: warning: ‘ssize_t node::DecodeWrite(char*, size_t, v8::Local<v8::Value>, node::encoding)’ is deprecated: Use DecodeWrite(isolate, ...) [-Wdeprecated-declarations]
   DecodeWrite(data, len, args[0], BINARY);
                                         ^
In file included from ../ext/bson.cc:22:0:
/usr/include/nodejs/src/node.h:331:32: note: declared here
                 inline ssize_t DecodeWrite(char* buf,
                                ^
/usr/include/nodejs/src/node.h:66:42: note: in definition of macro ‘NODE_DEPRECATED’
     __attribute__((deprecated(message))) declarator
                                          ^
../ext/bson.cc:820:26: error: ‘New’ is not a member of ‘v8::String’
    Local<String> error = String::New(exception);
                          ^
../ext/bson.cc: In static member function ‘static void BSON::BSONSerialize(const v8::FunctionCallbackInfo<v8::Value>&)’:
../ext/bson.cc:887:25: error: ‘New’ is not a member of ‘v8::String’
   Local<String> error = String::New(err_msg);
                         ^
../ext/bson.cc:901:73: warning: ‘v8::Local<v8::Value> node::Encode(const void*, size_t, node::encoding)’ is deprecated: Use Encode(isolate, ...) [-Wdeprecated-declarations]
   Local<Value> bin_value = Encode(serialized_object, object_size, BINARY)->ToString();
                                                                         ^
In file included from ../ext/bson.cc:22:0:
/usr/include/nodejs/src/node.h:299:45: note: declared here
                 inline v8::Local<v8::Value> Encode(
                                             ^
/usr/include/nodejs/src/node.h:66:42: note: in definition of macro ‘NODE_DEPRECATED’
     __attribute__((deprecated(message))) declarator
                                          ^
In file included from ../ext/bson.h:17:0,
                 from ../ext/bson.cc:35:
../ext/bson.cc: In static member function ‘static void BSON::CalculateObjectSize(const v8::FunctionCallbackInfo<v8::Value>&)’:
../ext/bson.cc:922:74: error: no matching function for call to ‘v8::Uint32::New(uint32_t)’
  NanReturnValue(Uint32::New((uint32_t) countSerializer.GetSerializeSize()));
                                                                          ^
../ext/nan.h:301:65: note: in definition of macro ‘NanReturnValue’
 # define NanReturnValue(value) return args.GetReturnValue().Set(value)
                                                                 ^
In file included from ../ext/bson.cc:14:0:
/usr/include/nodejs/deps/v8/include/v8.h:2499:25: note: candidate: static v8::Local<v8::Integer> v8::Integer::New(v8::Isolate*, int32_t)
   static Local<Integer> New(Isolate* isolate, int32_t value);
                         ^
/usr/include/nodejs/deps/v8/include/v8.h:2499:25: note:   candidate expects 2 arguments, 1 provided
In file included from ../ext/bson.h:17:0,
                 from ../ext/bson.cc:35:
../ext/nan.h:301:70: error: return-statement with a value, in function returning 'void' [-fpermissive]
 # define NanReturnValue(value) return args.GetReturnValue().Set(value)
                                                                      ^
../ext/bson.cc:922:2: note: in expansion of macro ‘NanReturnValue’
  NanReturnValue(Uint32::New((uint32_t) countSerializer.GetSerializeSize()));
  ^
../ext/bson.cc: In static member function ‘static void BSON::SerializeWithBufferAndIndex(const v8::FunctionCallbackInfo<v8::Value>&)’:
../ext/bson.cc:958:25: error: ‘New’ is not a member of ‘v8::String’
   Local<String> error = String::New(exception);
                         ^
In file included from ../ext/bson.h:17:0,
                 from ../ext/bson.cc:35:
../ext/bson.cc:963:65: error: no matching function for call to ‘v8::Uint32::New(uint32_t)’
  NanReturnValue(Uint32::New((uint32_t) (index + object_size - 1)));
                                                                 ^
../ext/nan.h:301:65: note: in definition of macro ‘NanReturnValue’
 # define NanReturnValue(value) return args.GetReturnValue().Set(value)
                                                                 ^
In file included from ../ext/bson.cc:14:0:
/usr/include/nodejs/deps/v8/include/v8.h:2499:25: note: candidate: static v8::Local<v8::Integer> v8::Integer::New(v8::Isolate*, int32_t)
   static Local<Integer> New(Isolate* isolate, int32_t value);
                         ^
/usr/include/nodejs/deps/v8/include/v8.h:2499:25: note:   candidate expects 2 arguments, 1 provided
In file included from ../ext/bson.h:17:0,
                 from ../ext/bson.cc:35:
../ext/nan.h:301:70: error: return-statement with a value, in function returning 'void' [-fpermissive]
 # define NanReturnValue(value) return args.GetReturnValue().Set(value)
                                                                      ^
../ext/bson.cc:963:2: note: in expansion of macro ‘NanReturnValue’
  NanReturnValue(Uint32::New((uint32_t) (index + object_size - 1)));
  ^
../ext/bson.cc: In static member function ‘static void BSON::BSONDeserializeStream(const v8::FunctionCallbackInfo<v8::Value>&)’:
../ext/bson.cc:998:19: error: ‘New’ is not a member of ‘v8::String’
   if(options->Has(String::New("promoteLongs"))) {
                   ^
../ext/bson.cc:999:32: error: ‘New’ is not a member of ‘v8::String’
    promoteLongs = options->Get(String::New("promoteLongs"))->ToBoolean()->Value();
                                ^
../ext/bson.cc:1028:33: error: ‘New’ is not a member of ‘v8::String’
           Local<String> error = String::New(exception);
                                 ^
In file included from ../ext/bson.h:17:0,
                 from ../ext/bson.cc:35:
../ext/bson.cc:1035:81: error: no matching function for call to ‘v8::Uint32::New(uint32_t)’
  NanReturnValue(Uint32::New((uint32_t) (index + deserializer.GetSerializeSize())));
                                                                                 ^
../ext/nan.h:301:65: note: in definition of macro ‘NanReturnValue’
 # define NanReturnValue(value) return args.GetReturnValue().Set(value)
                                                                 ^
In file included from ../ext/bson.cc:14:0:
/usr/include/nodejs/deps/v8/include/v8.h:2499:25: note: candidate: static v8::Local<v8::Integer> v8::Integer::New(v8::Isolate*, int32_t)
   static Local<Integer> New(Isolate* isolate, int32_t value);
                         ^
/usr/include/nodejs/deps/v8/include/v8.h:2499:25: note:   candidate expects 2 arguments, 1 provided
In file included from ../ext/bson.h:17:0,
                 from ../ext/bson.cc:35:
../ext/nan.h:301:70: error: return-statement with a value, in function returning 'void' [-fpermissive]
 # define NanReturnValue(value) return args.GetReturnValue().Set(value)
                                                                      ^
../ext/bson.cc:1035:2: note: in expansion of macro ‘NanReturnValue’
  NanReturnValue(Uint32::New((uint32_t) (index + deserializer.GetSerializeSize())));
  ^
../ext/nan.h: In instantiation of ‘void NanDisposePersistent(v8::Persistent<T, v8::NonCopyablePersistentTraits<T> >&) [with T = v8::Object]’:
../ext/nan.h:786:44:   required from here
../ext/nan.h:394:5: error: ‘class v8::Persistent<v8::Object>’ has no member named ‘Clear’
     handle.Clear();
     ^
make: *** [Release/obj.target/bson/ext/bson.o] Error 1
gyp ERR! build error 
gyp ERR! stack Error: `make` failed with exit code: 2
gyp ERR! stack     at ChildProcess.onExit (/usr/share/node-gyp/lib/build.js:269:23)
gyp ERR! stack     at emitTwo (events.js:87:13)
gyp ERR! stack     at ChildProcess.emit (events.js:172:7)
gyp ERR! stack     at Process.ChildProcess._handle.onexit (internal/child_process.js:200:12)
gyp ERR! System Linux 4.4.0-21-generic
gyp ERR! command "/usr/bin/nodejs" "/usr/bin/node-gyp" "rebuild"
gyp ERR! cwd /home/pspgbhu/code/nodejs/blog/node_modules/.npminstall/bson/0.2.5/bson
gyp ERR! node -v v4.2.6
gyp ERR! node-gyp -v v3.0.3
gyp ERR! not ok 
